<?xml version="1.0" encoding="UTF-8"?>
<!-- Generated by org.testng.reporters.JUnitXMLReporter -->
<testsuite hostname="B2ML32871" name="Test" tests="28" failures="2" timestamp="27 Apr 2020 05:15:14 GMT" time="86.237" errors="0">
  <testcase name="validLoginTest" time="8.86" classname="com.mindtree.BaseClass.TC004_DiscardAnAppFromDashboard"/>
  <testcase name="validateDemoscreen" time="16.367" classname="com.mindtree.BaseClass.TC004_DiscardAnAppFromDashboard"/>
  <testcase name="docUpload" time="4.196" classname="com.mindtree.BaseClass.TC004_DiscardAnAppFromDashboard"/>
  <testcase name="checkDOB" time="0.044" classname="com.mindtree.BaseClass.TC004_DiscardAnAppFromDashboard"/>
  <testcase name="checkAge" time="0.054" classname="com.mindtree.BaseClass.TC004_DiscardAnAppFromDashboard"/>
  <testcase name="checkGender" time="0.031" classname="com.mindtree.BaseClass.TC004_DiscardAnAppFromDashboard"/>
  <testcase name="checkResident" time="0.042" classname="com.mindtree.BaseClass.TC004_DiscardAnAppFromDashboard"/>
  <testcase name="checkAddress" time="0.039" classname="com.mindtree.BaseClass.TC004_DiscardAnAppFromDashboard"/>
  <testcase name="checkRegion" time="0.027" classname="com.mindtree.BaseClass.TC004_DiscardAnAppFromDashboard"/>
  <testcase name="checkProvince" time="0.028" classname="com.mindtree.BaseClass.TC004_DiscardAnAppFromDashboard"/>
  <testcase name="checkCity" time="0.027" classname="com.mindtree.BaseClass.TC004_DiscardAnAppFromDashboard"/>
  <testcase name="checkZone" time="0.027" classname="com.mindtree.BaseClass.TC004_DiscardAnAppFromDashboard"/>
  <testcase name="checkMobile" time="0.032" classname="com.mindtree.BaseClass.TC004_DiscardAnAppFromDashboard"/>
  <testcase name="checkEmail" time="0.027" classname="com.mindtree.BaseClass.TC004_DiscardAnAppFromDashboard"/>
  <testcase name="checkReference" time="0.026" classname="com.mindtree.BaseClass.TC004_DiscardAnAppFromDashboard"/>
  <testcase name="clickContinueInPreview" time="0.286" classname="com.mindtree.BaseClass.TC004_DiscardAnAppFromDashboard"/>
  <testcase name="checkFullName" time="0.024" classname="com.mindtree.BaseClass.TC004_DiscardAnAppFromDashboard"/>
  <testcase name="selectCenterByCountry" time="4.997" classname="com.mindtree.BaseClass.TC004_DiscardAnAppFromDashboard"/>
  <testcase name="checkTimeSlotPage" time="0.037" classname="com.mindtree.BaseClass.TC004_DiscardAnAppFromDashboard"/>
  <testcase name="selectDateAndTime" time="0.741" classname="com.mindtree.BaseClass.TC004_DiscardAnAppFromDashboard"/>
  <testcase name="checkAckPage" time="0.15" classname="com.mindtree.BaseClass.TC004_DiscardAnAppFromDashboard"/>
  <testcase name="verifyAppName" time="0.358" classname="com.mindtree.BaseClass.TC004_DiscardAnAppFromDashboard"/>
  <testcase name="pdfNameCheck" time="2.252" classname="com.mindtree.BaseClass.TC004_DiscardAnAppFromDashboard"/>
  <testcase name="sendSmsEmail" time="0.561" classname="com.mindtree.BaseClass.TC004_DiscardAnAppFromDashboard"/>
  <testcase name="checkInvalidEmailAddress" time="32.198" classname="com.mindtree.BaseClass.TC004_DiscardAnAppFromDashboard">
    <failure type="org.openqa.selenium.NoSuchElementException" message="no such element: Unable to locate element: {&amp;quot;method&amp;quot;:&amp;quot;xpath&amp;quot;,&amp;quot;selector&amp;quot;:&amp;quot;//div[contains(text(),&amp;apos;Invalid Email ID&amp;apos;)]&amp;quot;}
  (Session info: chrome=81.0.4044.113)
  (Driver info: chromedriver=2.43.600210 (68dcf5eebde37173d4027fa8635e332711d2874a),platform=Windows NT 10.0.18362 x86_64) (WARNING: The server did not provide any stacktrace information)
Command duration or timeout: 0 milliseconds
For documentation on this error, please visit: https://www.seleniumhq.org/exceptions/no_such_element.html
Build info: version: &amp;apos;3.141.59&amp;apos;, revision: &amp;apos;e82be7d358&amp;apos;, time: &amp;apos;2018-11-14T08:17:03&amp;apos;
System info: host: &amp;apos;B2ML32871&amp;apos;, ip: &amp;apos;192.168.0.106&amp;apos;, os.name: &amp;apos;Windows 10&amp;apos;, os.arch: &amp;apos;amd64&amp;apos;, os.version: &amp;apos;10.0&amp;apos;, java.version: &amp;apos;1.8.0_181&amp;apos;
Driver info: org.openqa.selenium.chrome.ChromeDriver
Capabilities {acceptInsecureCerts: false, acceptSslCerts: false, applicationCacheEnabled: false, browserConnectionEnabled: false, browserName: chrome, chrome: {chromedriverVersion: 2.43.600210 (68dcf5eebde371..., userDataDir: C:\Users\M1030042\AppData\L...}, cssSelectorsEnabled: true, databaseEnabled: false, goog:chromeOptions: {debuggerAddress: localhost:59989}, handlesAlerts: true, hasTouchScreen: false, javascriptEnabled: true, locationContextEnabled: true, mobileEmulationEnabled: false, nativeEvents: true, networkConnectionEnabled: false, pageLoadStrategy: normal, platform: XP, platformName: XP, rotatable: false, setWindowRect: true, takesHeapSnapshot: true, takesScreenshot: true, unexpectedAlertBehaviour: , unhandledPromptBehavior: , version: 81.0.4044.113, webStorageEnabled: true}
Session ID: c930cc500776e688ec77062016c0b9d1
*** Element info: {Using=xpath, value=//div[contains(text(),&amp;apos;Invalid Email ID&amp;apos;)]}">
      <![CDATA[org.openqa.selenium.NoSuchElementException: no such element: Unable to locate element: {"method":"xpath","selector":"//div[contains(text(),'Invalid Email ID')]"}
  (Session info: chrome=81.0.4044.113)
  (Driver info: chromedriver=2.43.600210 (68dcf5eebde37173d4027fa8635e332711d2874a),platform=Windows NT 10.0.18362 x86_64) (WARNING: The server did not provide any stacktrace information)
Command duration or timeout: 0 milliseconds
For documentation on this error, please visit: https://www.seleniumhq.org/exceptions/no_such_element.html
Build info: version: '3.141.59', revision: 'e82be7d358', time: '2018-11-14T08:17:03'
System info: host: 'B2ML32871', ip: '192.168.0.106', os.name: 'Windows 10', os.arch: 'amd64', os.version: '10.0', java.version: '1.8.0_181'
Driver info: org.openqa.selenium.chrome.ChromeDriver
Capabilities {acceptInsecureCerts: false, acceptSslCerts: false, applicationCacheEnabled: false, browserConnectionEnabled: false, browserName: chrome, chrome: {chromedriverVersion: 2.43.600210 (68dcf5eebde371..., userDataDir: C:\Users\M1030042\AppData\L...}, cssSelectorsEnabled: true, databaseEnabled: false, goog:chromeOptions: {debuggerAddress: localhost:59989}, handlesAlerts: true, hasTouchScreen: false, javascriptEnabled: true, locationContextEnabled: true, mobileEmulationEnabled: false, nativeEvents: true, networkConnectionEnabled: false, pageLoadStrategy: normal, platform: XP, platformName: XP, rotatable: false, setWindowRect: true, takesHeapSnapshot: true, takesScreenshot: true, unexpectedAlertBehaviour: , unhandledPromptBehavior: , version: 81.0.4044.113, webStorageEnabled: true}
Session ID: c930cc500776e688ec77062016c0b9d1
*** Element info: {Using=xpath, value=//div[contains(text(),'Invalid Email ID')]}
	at org.openqa.selenium.remote.ErrorHandler.createThrowable(ErrorHandler.java:214)
	at org.openqa.selenium.remote.ErrorHandler.throwIfResponseFailed(ErrorHandler.java:166)
	at org.openqa.selenium.remote.http.JsonHttpResponseCodec.reconstructValue(JsonHttpResponseCodec.java:40)
	at org.openqa.selenium.remote.http.AbstractHttpResponseCodec.decode(AbstractHttpResponseCodec.java:80)
	at org.openqa.selenium.remote.http.AbstractHttpResponseCodec.decode(AbstractHttpResponseCodec.java:44)
	at org.openqa.selenium.remote.HttpCommandExecutor.execute(HttpCommandExecutor.java:158)
	at org.openqa.selenium.remote.service.DriverCommandExecutor.execute(DriverCommandExecutor.java:83)
	at org.openqa.selenium.remote.RemoteWebDriver.execute(RemoteWebDriver.java:552)
	at org.openqa.selenium.remote.RemoteWebDriver.findElement(RemoteWebDriver.java:323)
	at org.openqa.selenium.remote.RemoteWebDriver.findElementByXPath(RemoteWebDriver.java:428)
	at org.openqa.selenium.By$ByXPath.findElement(By.java:353)
	at org.openqa.selenium.remote.RemoteWebDriver.findElement(RemoteWebDriver.java:315)
	at org.openqa.selenium.support.pagefactory.DefaultElementLocator.findElement(DefaultElementLocator.java:69)
	at org.openqa.selenium.support.pagefactory.internal.LocatingElementHandler.invoke(LocatingElementHandler.java:38)
	at com.sun.proxy.$Proxy26.isDisplayed(Unknown Source)
	at com.mindtree.Pages.AcknowlegementPage.checkInvalidEmailText(AcknowlegementPage.java:127)
	at com.mindtree.BaseClass.TC012_Acknowledgement.checkInvalidEmailAddress(TC012_Acknowledgement.java:132)
... Removed 28 stack frames]]>
    </failure>
  </testcase> <!-- checkInvalidEmailAddress -->
  <testcase name="checkInvalidMobileNumber" time="2.088" classname="com.mindtree.BaseClass.TC004_DiscardAnAppFromDashboard">
    <failure type="org.openqa.selenium.WebDriverException" message="unknown error: Element &amp;lt;span class=&amp;quot;mat-button-wrapper&amp;quot;&amp;gt;...&amp;lt;/span&amp;gt; is not clickable at point (822, 527). Other element would receive the click: &amp;lt;div class=&amp;quot;cdk-overlay-backdrop cdk-overlay-dark-backdrop cdk-overlay-backdrop-showing&amp;quot;&amp;gt;&amp;lt;/div&amp;gt;
  (Session info: chrome=81.0.4044.113)
  (Driver info: chromedriver=2.43.600210 (68dcf5eebde37173d4027fa8635e332711d2874a),platform=Windows NT 10.0.18362 x86_64) (WARNING: The server did not provide any stacktrace information)
Command duration or timeout: 0 milliseconds
Build info: version: &amp;apos;3.141.59&amp;apos;, revision: &amp;apos;e82be7d358&amp;apos;, time: &amp;apos;2018-11-14T08:17:03&amp;apos;
System info: host: &amp;apos;B2ML32871&amp;apos;, ip: &amp;apos;192.168.0.106&amp;apos;, os.name: &amp;apos;Windows 10&amp;apos;, os.arch: &amp;apos;amd64&amp;apos;, os.version: &amp;apos;10.0&amp;apos;, java.version: &amp;apos;1.8.0_181&amp;apos;
Driver info: org.openqa.selenium.chrome.ChromeDriver
Capabilities {acceptInsecureCerts: false, acceptSslCerts: false, applicationCacheEnabled: false, browserConnectionEnabled: false, browserName: chrome, chrome: {chromedriverVersion: 2.43.600210 (68dcf5eebde371..., userDataDir: C:\Users\M1030042\AppData\L...}, cssSelectorsEnabled: true, databaseEnabled: false, goog:chromeOptions: {debuggerAddress: localhost:59989}, handlesAlerts: true, hasTouchScreen: false, javascriptEnabled: true, locationContextEnabled: true, mobileEmulationEnabled: false, nativeEvents: true, networkConnectionEnabled: false, pageLoadStrategy: normal, platform: XP, platformName: XP, rotatable: false, setWindowRect: true, takesHeapSnapshot: true, takesScreenshot: true, unexpectedAlertBehaviour: , unhandledPromptBehavior: , version: 81.0.4044.113, webStorageEnabled: true}
Session ID: c930cc500776e688ec77062016c0b9d1">
      <![CDATA[org.openqa.selenium.WebDriverException: unknown error: Element <span class="mat-button-wrapper">...</span> is not clickable at point (822, 527). Other element would receive the click: <div class="cdk-overlay-backdrop cdk-overlay-dark-backdrop cdk-overlay-backdrop-showing"></div>
  (Session info: chrome=81.0.4044.113)
  (Driver info: chromedriver=2.43.600210 (68dcf5eebde37173d4027fa8635e332711d2874a),platform=Windows NT 10.0.18362 x86_64) (WARNING: The server did not provide any stacktrace information)
Command duration or timeout: 0 milliseconds
Build info: version: '3.141.59', revision: 'e82be7d358', time: '2018-11-14T08:17:03'
System info: host: 'B2ML32871', ip: '192.168.0.106', os.name: 'Windows 10', os.arch: 'amd64', os.version: '10.0', java.version: '1.8.0_181'
Driver info: org.openqa.selenium.chrome.ChromeDriver
Capabilities {acceptInsecureCerts: false, acceptSslCerts: false, applicationCacheEnabled: false, browserConnectionEnabled: false, browserName: chrome, chrome: {chromedriverVersion: 2.43.600210 (68dcf5eebde371..., userDataDir: C:\Users\M1030042\AppData\L...}, cssSelectorsEnabled: true, databaseEnabled: false, goog:chromeOptions: {debuggerAddress: localhost:59989}, handlesAlerts: true, hasTouchScreen: false, javascriptEnabled: true, locationContextEnabled: true, mobileEmulationEnabled: false, nativeEvents: true, networkConnectionEnabled: false, pageLoadStrategy: normal, platform: XP, platformName: XP, rotatable: false, setWindowRect: true, takesHeapSnapshot: true, takesScreenshot: true, unexpectedAlertBehaviour: , unhandledPromptBehavior: , version: 81.0.4044.113, webStorageEnabled: true}
Session ID: c930cc500776e688ec77062016c0b9d1
	at org.openqa.selenium.remote.ErrorHandler.createThrowable(ErrorHandler.java:214)
	at org.openqa.selenium.remote.ErrorHandler.throwIfResponseFailed(ErrorHandler.java:166)
	at org.openqa.selenium.remote.http.JsonHttpResponseCodec.reconstructValue(JsonHttpResponseCodec.java:40)
	at org.openqa.selenium.remote.http.AbstractHttpResponseCodec.decode(AbstractHttpResponseCodec.java:80)
	at org.openqa.selenium.remote.http.AbstractHttpResponseCodec.decode(AbstractHttpResponseCodec.java:44)
	at org.openqa.selenium.remote.HttpCommandExecutor.execute(HttpCommandExecutor.java:158)
	at org.openqa.selenium.remote.service.DriverCommandExecutor.execute(DriverCommandExecutor.java:83)
	at org.openqa.selenium.remote.RemoteWebDriver.execute(RemoteWebDriver.java:552)
	at org.openqa.selenium.remote.RemoteWebElement.execute(RemoteWebElement.java:285)
	at org.openqa.selenium.remote.RemoteWebElement.click(RemoteWebElement.java:84)
	at org.openqa.selenium.support.pagefactory.internal.LocatingElementHandler.invoke(LocatingElementHandler.java:51)
	at com.sun.proxy.$Proxy26.click(Unknown Source)
	at com.mindtree.Pages.AcknowlegementPage.clickSendSmsEmailButton(AcknowlegementPage.java:78)
	at com.mindtree.BaseClass.TC012_Acknowledgement.checkInvalidMobileNumber(TC012_Acknowledgement.java:146)
... Removed 31 stack frames]]>
    </failure>
  </testcase> <!-- checkInvalidMobileNumber -->
  <testcase name="deleteBookedPRID" time="0.0" classname="com.mindtree.BaseClass.TC004_DiscardAnAppFromDashboard">
    <skipped/>
  </testcase> <!-- deleteBookedPRID -->
  <testcase name="expiredToBooked" time="0.0" classname="com.mindtree.BaseClass.TC004_DiscardAnAppFromDashboard">
    <skipped/>
  </testcase> <!-- expiredToBooked -->
</testsuite> <!-- Test -->
